c:\users\--kentmathias--\documents\dsq2\game\debugaxp\vc141.pdb
c:\users\--kentmathias--\documents\dsq2\game\debugaxp\m_berserk.obj
c:\users\--kentmathias--\documents\dsq2\game\debugaxp\m_actor.obj
c:\users\--kentmathias--\documents\dsq2\game\debugaxp\g_weapon.obj
c:\users\--kentmathias--\documents\dsq2\game\debugaxp\g_utils.obj
c:\users\--kentmathias--\documents\dsq2\game\debugaxp\g_turret.obj
c:\users\--kentmathias--\documents\dsq2\game\debugaxp\g_trigger.obj
c:\users\--kentmathias--\documents\dsq2\game\debugaxp\g_target.obj
c:\users\--kentmathias--\documents\dsq2\game\debugaxp\g_svcmds.obj
c:\users\--kentmathias--\documents\dsq2\game\debugaxp\g_spawn.obj
c:\users\--kentmathias--\documents\dsq2\game\debugaxp\g_save.obj
c:\users\--kentmathias--\documents\dsq2\game\debugaxp\g_phys.obj
c:\users\--kentmathias--\documents\dsq2\game\debugaxp\g_monster.obj
c:\users\--kentmathias--\documents\dsq2\game\debugaxp\g_misc.obj
c:\users\--kentmathias--\documents\dsq2\game\debugaxp\g_main.obj
c:\users\--kentmathias--\documents\dsq2\game\debugaxp\g_items.obj
c:\users\--kentmathias--\documents\dsq2\game\debugaxp\g_func.obj
c:\users\--kentmathias--\documents\dsq2\game\debugaxp\g_combat.obj
c:\users\--kentmathias--\documents\dsq2\game\debugaxp\g_cmds.obj
c:\users\--kentmathias--\documents\dsq2\game\debugaxp\g_chase.obj
c:\users\--kentmathias--\documents\dsq2\game\debugaxp\g_ai.obj
c:\users\--kentmathias--\documents\dsq2\game\debugaxp\m_soldier.obj
c:\users\--kentmathias--\documents\dsq2\game\debugaxp\m_parasite.obj
c:\users\--kentmathias--\documents\dsq2\game\debugaxp\m_mutant.obj
c:\users\--kentmathias--\documents\dsq2\game\debugaxp\m_move.obj
c:\users\--kentmathias--\documents\dsq2\game\debugaxp\m_medic.obj
c:\users\--kentmathias--\documents\dsq2\game\debugaxp\m_insane.obj
c:\users\--kentmathias--\documents\dsq2\game\debugaxp\m_infantry.obj
c:\users\--kentmathias--\documents\dsq2\game\debugaxp\m_hover.obj
c:\users\--kentmathias--\documents\dsq2\game\debugaxp\m_gunner.obj
c:\users\--kentmathias--\documents\dsq2\game\debugaxp\m_gladiator.obj
c:\users\--kentmathias--\documents\dsq2\game\debugaxp\m_flyer.obj
c:\users\--kentmathias--\documents\dsq2\game\debugaxp\m_float.obj
c:\users\--kentmathias--\documents\dsq2\game\debugaxp\m_flipper.obj
c:\users\--kentmathias--\documents\dsq2\game\debugaxp\m_flash.obj
c:\users\--kentmathias--\documents\dsq2\game\debugaxp\m_chick.obj
c:\users\--kentmathias--\documents\dsq2\game\debugaxp\m_brain.obj
c:\users\--kentmathias--\documents\dsq2\game\debugaxp\m_boss32.obj
c:\users\--kentmathias--\documents\dsq2\game\debugaxp\m_boss31.obj
c:\users\--kentmathias--\documents\dsq2\game\debugaxp\m_boss3.obj
c:\users\--kentmathias--\documents\dsq2\game\debugaxp\m_boss2.obj
c:\users\--kentmathias--\documents\dsq2\game\debugaxp\q_shared.obj
c:\users\--kentmathias--\documents\dsq2\game\debugaxp\p_weapon.obj
c:\users\--kentmathias--\documents\dsq2\game\debugaxp\p_view.obj
c:\users\--kentmathias--\documents\dsq2\game\debugaxp\p_trail.obj
c:\users\--kentmathias--\documents\dsq2\game\debugaxp\p_hud.obj
c:\users\--kentmathias--\documents\dsq2\game\debugaxp\p_client.obj
c:\users\--kentmathias--\documents\dsq2\game\debugaxp\m_tank.obj
c:\users\--kentmathias--\documents\dsq2\game\debugaxp\m_supertank.obj
c:\users\--kentmathias--\documents\dsq2\game\debugaxp\game.tlog\cl.command.1.tlog
c:\users\--kentmathias--\documents\dsq2\game\debugaxp\game.tlog\cl.read.1.tlog
c:\users\--kentmathias--\documents\dsq2\game\debugaxp\game.tlog\cl.write.1.tlog
c:\users\--kentmathias--\documents\dsq2\game\debugaxp\game.tlog\link-cvtres.read.1.tlog
c:\users\--kentmathias--\documents\dsq2\game\debugaxp\game.tlog\link-cvtres.write.1.tlog
c:\users\--kentmathias--\documents\dsq2\game\debugaxp\game.tlog\link-rc.read.1.tlog
c:\users\--kentmathias--\documents\dsq2\game\debugaxp\game.tlog\link-rc.write.1.tlog
c:\users\--kentmathias--\documents\dsq2\game\debugaxp\game.tlog\link.command.1.tlog
c:\users\--kentmathias--\documents\dsq2\game\debugaxp\game.tlog\link.read.1.tlog
c:\users\--kentmathias--\documents\dsq2\game\debugaxp\game.tlog\link.write.1.tlog
